<?xml version="1.0" encoding="UTF-8"?>
<!-- Generated by org.testng.reporters.JUnitXMLReporter -->
<testsuite ignored="0" hostname="DESKTOP-R09BFLF" failures="0" tests="5" name="Test" time="107.91" errors="0" timestamp="2022-12-04T11:01:31 EST">
  <testcase classname="EwheelzAutomation.Book" name="TestBooking" time="25.613"/>
  <testcase classname="EwheelzAutomation.Cancel" name="TestCancelTicket" time="6.743"/>
  <testcase classname="EwheelzAutomation.Testimonials" name="TestViewTestimonial" time="6.159"/>
  <testcase classname="EwheelzAutomation.Testimonials" name="GiveTestimonial" time="9.699"/>
  <testcase classname="EwheelzAutomation.ViewRoutes" name="TestViewRoutes" time="5.866"/>
</testsuite> <!-- Test -->
