<?xml version="1.0" encoding="UTF-8"?>
<testsuite xmlns:xsi="http://www.w3.org/2001/XMLSchema-instance" xsi:noNamespaceSchemaLocation="https://maven.apache.org/surefire/maven-surefire-plugin/xsd/surefire-test-report-3.0.xsd" version="3.0" name="TestSuite" time="136.469" tests="5" errors="0" skipped="0" failures="1">
  <properties>
[...]
</properties>
  <testcase name="TestBooking" classname="EwheelzAutomation.Book" time="27.848"/>
  <testcase name="TestCancelTicket" classname="EwheelzAutomation.Cancel" time="7.639"/>
  <testcase name="TestViewTestimonial" classname="EwheelzAutomation.Testimonials" time="6.852"/>
  <testcase name="TestViewRoutes" classname="EwheelzAutomation.ViewRoutes" time="6.753"/>
  <testcase name="GiveTestimonial" classname="EwheelzAutomation.Testimonials" time="9.55">
    <failure message="The following asserts failed:&#10;	expected [true] but found [false]" type="java.lang.AssertionError">java.lang.AssertionError: 
The following asserts failed:
	expected [true] but found [false]
	at EwheelzAutomation.Testimonials.GiveTestimonial(Testimonials.java:75)
</failure>
    <system-err><![CDATA[Starting ChromeDriver 106.0.5249.61 (511755355844955cd3e264779baf0dd38212a4d0-refs/branch-heads/5249@{#569}) on port 21858
Only local connections are allowed.
Please see https://chromedriver.chromium.org/security-considerations for suggestions on keeping ChromeDriver safe.
ChromeDriver was started successfully.
[1669933003.344][WARNING]: This version of ChromeDriver has not been tested with Chrome version 107.
Dec 01, 2022 5:16:44 PM org.openqa.selenium.devtools.CdpVersionFinder findNearestMatch
WARNING: Unable to find an exact match for CDP version 107, so returning the closest version found: 106
]]></system-err>
  </testcase>
</testsuite>