<?xml version="1.0" encoding="UTF-8"?>
<testng-results ignored="0" total="1" passed="1" failed="0" skipped="0">
  <reporter-output>
  </reporter-output>
  <suite started-at="2022-12-20T09:52:58 EST" name="Default suite" finished-at="2022-12-20T09:53:18 EST" duration-ms="19436">
    <groups>
    </groups>
    <test started-at="2022-12-20T09:52:58 EST" name="Default test" finished-at="2022-12-20T09:53:18 EST" duration-ms="19436">
      <class name="testpom.NewTest">
        <test-method is-config="true" signature="beforeSuite()[pri:0, instance:testpom.NewTest@5fdcaa40]" started-at="2022-12-20T09:52:58 EST" name="beforeSuite" finished-at="2022-12-20T09:52:58 EST" duration-ms="23" status="PASS">
          <reporter-output>
          </reporter-output>
        </test-method> <!-- beforeSuite -->
        <test-method is-config="true" signature="beforeTest()[pri:0, instance:testpom.NewTest@5fdcaa40]" started-at="2022-12-20T09:52:58 EST" name="beforeTest" finished-at="2022-12-20T09:52:58 EST" duration-ms="1" status="PASS">
          <reporter-output>
          </reporter-output>
        </test-method> <!-- beforeTest -->
        <test-method is-config="true" signature="beforeClass()[pri:0, instance:testpom.NewTest@5fdcaa40]" started-at="2022-12-20T09:52:58 EST" name="beforeClass" finished-at="2022-12-20T09:52:58 EST" duration-ms="1" status="PASS">
          <reporter-output>
          </reporter-output>
        </test-method> <!-- beforeClass -->
        <test-method is-config="true" signature="beforeMethod()[pri:0, instance:testpom.NewTest@5fdcaa40]" started-at="2022-12-20T09:52:58 EST" name="beforeMethod" finished-at="2022-12-20T09:53:12 EST" duration-ms="14038" status="PASS">
          <reporter-output>
          </reporter-output>
        </test-method> <!-- beforeMethod -->
        <test-method signature="TestAdminLogin()[pri:0, instance:testpom.NewTest@5fdcaa40]" started-at="2022-12-20T09:53:12 EST" name="TestAdminLogin" finished-at="2022-12-20T09:53:18 EST" duration-ms="5209" status="PASS">
          <reporter-output>
          </reporter-output>
        </test-method> <!-- TestAdminLogin -->
        <test-method is-config="true" signature="afterMethod()[pri:0, instance:testpom.NewTest@5fdcaa40]" started-at="2022-12-20T09:53:18 EST" name="afterMethod" finished-at="2022-12-20T09:53:18 EST" duration-ms="104" status="PASS">
          <reporter-output>
          </reporter-output>
        </test-method> <!-- afterMethod -->
        <test-method is-config="true" signature="afterClass()[pri:0, instance:testpom.NewTest@5fdcaa40]" started-at="2022-12-20T09:53:18 EST" name="afterClass" finished-at="2022-12-20T09:53:18 EST" duration-ms="1" status="PASS">
          <reporter-output>
          </reporter-output>
        </test-method> <!-- afterClass -->
        <test-method is-config="true" signature="afterTest()[pri:0, instance:testpom.NewTest@5fdcaa40]" started-at="2022-12-20T09:53:18 EST" name="afterTest" finished-at="2022-12-20T09:53:18 EST" duration-ms="1" status="PASS">
          <reporter-output>
          </reporter-output>
        </test-method> <!-- afterTest -->
        <test-method is-config="true" signature="afterSuite()[pri:0, instance:testpom.NewTest@5fdcaa40]" started-at="2022-12-20T09:53:18 EST" name="afterSuite" finished-at="2022-12-20T09:53:18 EST" duration-ms="1" status="PASS">
          <reporter-output>
          </reporter-output>
        </test-method> <!-- afterSuite -->
      </class> <!-- testpom.NewTest -->
    </test> <!-- Default test -->
  </suite> <!-- Default suite -->
</testng-results>
